<?xml version="1.0" encoding="UTF-8"?>
<testng-results ignored="0" total="2" passed="2" failed="0" skipped="0">
  <reporter-output>
  </reporter-output>
  <suite started-at="2025-11-19T12:51:34 IST" name="Surefire suite" finished-at="2025-11-19T12:51:46 IST" duration-ms="12300">
    <groups>
    </groups>
    <test started-at="2025-11-19T12:51:34 IST" name="Surefire test" finished-at="2025-11-19T12:51:46 IST" duration-ms="12300">
      <class name="hclmaven.TestPageFactory$TestPom">
        <test-method is-config="true" signature="setup()[pri:0, instance:hclmaven.TestPageFactory$TestPom@3c130745]" started-at="2025-11-19T12:51:34 IST" name="setup" finished-at="2025-11-19T12:51:39 IST" duration-ms="5118" status="PASS">
          <reporter-output>
          </reporter-output>
        </test-method> <!-- setup -->
        <test-method signature="test_HomePage()[pri:0, instance:hclmaven.TestPageFactory$TestPom@3c130745]" started-at="2025-11-19T12:51:42 IST" name="test_HomePage" finished-at="2025-11-19T12:51:44 IST" duration-ms="1758" status="PASS">
          <reporter-output>
          </reporter-output>
        </test-method> <!-- test_HomePage -->
      </class> <!-- hclmaven.TestPageFactory$TestPom -->
      <class name="hclmaven.TestPom">
        <test-method is-config="true" signature="setup()[pri:0, instance:hclmaven.TestPom@3e92efc3]" started-at="2025-11-19T12:51:39 IST" name="setup" finished-at="2025-11-19T12:51:42 IST" duration-ms="3595" status="PASS">
          <reporter-output>
          </reporter-output>
        </test-method> <!-- setup -->
        <test-method signature="test_HomePage()[pri:0, instance:hclmaven.TestPom@3e92efc3]" started-at="2025-11-19T12:51:44 IST" name="test_HomePage" finished-at="2025-11-19T12:51:46 IST" duration-ms="1780" status="PASS">
          <reporter-output>
          </reporter-output>
        </test-method> <!-- test_HomePage -->
      </class> <!-- hclmaven.TestPom -->
    </test> <!-- Surefire test -->
  </suite> <!-- Surefire suite -->
</testng-results>
